<?xml version="1.0" encoding="UTF-8"?>
<!-- Generated by org.testng.reporters.JUnitReportReporter -->
<testsuite hostname="Balaji" failures="0" tests="1" name="com.aurionpro.test.LoginTest" time="11.458" errors="0" timestamp="2022-09-03T12:11:18 IST" skipped="0">
  <testcase classname="com.aurionpro.test.LoginTest" name="invalidCredentialTest" time="11.458"/>
  <system-out/>
</testsuite> <!-- com.aurionpro.test.LoginTest -->
