<?xml version="1.0" encoding="UTF-8"?>
<!-- Generated by org.testng.reporters.JUnitReportReporter -->
<testsuite hostname="Balaji" failures="0" tests="3" name="com.aurionpro.test.DemoTest" time="11.622" errors="0" timestamp="2022-08-26T12:10:39 IST" skipped="0">
  <testcase classname="com.aurionpro.test.DemoTest" name="validTest" time="5.723"/>
  <system-out/>
  <testcase classname="com.aurionpro.test.DemoTest" name="validTest" time="0.707"/>
  <system-out/>
  <testcase classname="com.aurionpro.test.DemoTest" name="validTest" time="5.192"/>
  <system-out/>
</testsuite> <!-- com.aurionpro.test.DemoTest -->
